app/build/intermediates/manifest_merge_blame_file/debug/manifest-merger-blame-debug-report.txt
1<?xml version="1.0" encoding="utf-8"?>
2<manifest xmlns:android="http://schemas.android.com/apk/res/android"
3    package="com.example.finalproj"
4    android:versionCode="1"
5    android:versionName="1.0" >
6
7    <uses-sdk
8        android:minSdkVersion="16"
8-->src\main\AndroidManifest.xml
9        android:targetSdkVersion="30" />
9-->src\main\AndroidManifest.xml
10
11    <uses-permission android:name="android.permission.INTERNET" />
11-->src\main\AndroidManifest.xml:5:5-67
11-->src\main\AndroidManifest.xml:5:22-64
12    <uses-permission android:name="android.permission.ACCESS_NETWORK_STATE" />
12-->[com.google.firebase:firebase-auth:20.0.2] AndroidManifest.xml:24:5-79
12-->[com.google.firebase:firebase-auth:20.0.2] AndroidManifest.xml:24:22-76
13    <uses-permission android:name="android.permission.WAKE_LOCK" />
13-->[com.google.android.gms:play-services-measurement-api:18.0.2] AndroidManifest.xml:24:5-68
13-->[com.google.android.gms:play-services-measurement-api:18.0.2] AndroidManifest.xml:24:22-65
14    <uses-permission android:name="com.google.android.finsky.permission.BIND_GET_INSTALL_REFERRER_SERVICE" />
14-->[com.google.android.gms:play-services-measurement:18.0.2] AndroidManifest.xml:26:5-110
14-->[com.google.android.gms:play-services-measurement:18.0.2] AndroidManifest.xml:26:22-107
15
16    <application
16-->src\main\AndroidManifest.xml:7:5-40:19
17        android:name="androidx.multidex.MultiDexApplication"
18        android:allowBackup="true"
18-->src\main\AndroidManifest.xml:8:9-35
19        android:appComponentFactory="androidx.core.app.CoreComponentFactory"
19-->[androidx.core:core:1.3.1] AndroidManifest.xml:24:18-86
20        android:debuggable="true"
21        android:icon="@mipmap/ic_launcher"
21-->src\main\AndroidManifest.xml:9:9-43
22        android:label="@string/app_name"
22-->src\main\AndroidManifest.xml:10:9-41
23        android:roundIcon="@mipmap/ic_launcher_round"
23-->src\main\AndroidManifest.xml:11:9-54
24        android:supportsRtl="true"
24-->src\main\AndroidManifest.xml:12:9-35
25        android:testOnly="true"
26        android:theme="@style/Theme.AppCompat.NoActionBar" >
26-->src\main\AndroidManifest.xml:13:9-59
27        <activity android:name="com.example.finalproj.NewLog" />
27-->src\main\AndroidManifest.xml:14:9-53
27-->src\main\AndroidManifest.xml:14:19-41
28        <activity android:name="com.example.finalproj.LogActivity" />
28-->src\main\AndroidManifest.xml:15:9-49
28-->src\main\AndroidManifest.xml:15:19-46
29        <activity android:name="com.example.finalproj.SearchCharacterActivity" />
29-->src\main\AndroidManifest.xml:16:9-61
29-->src\main\AndroidManifest.xml:16:19-58
30        <activity android:name="com.example.finalproj.ViewCharacterPdf" />
30-->src\main\AndroidManifest.xml:17:9-54
30-->src\main\AndroidManifest.xml:17:19-51
31        <activity android:name="com.example.finalproj.NoviceBackground" />
31-->src\main\AndroidManifest.xml:18:9-54
31-->src\main\AndroidManifest.xml:18:19-51
32        <activity android:name="com.example.finalproj.NoviceWeaponChoice" />
32-->src\main\AndroidManifest.xml:19:9-56
32-->src\main\AndroidManifest.xml:19:19-53
33        <activity android:name="com.example.finalproj.NoviceRaceChoice" />
33-->src\main\AndroidManifest.xml:20:9-54
33-->src\main\AndroidManifest.xml:20:19-51
34        <activity android:name="com.example.finalproj.CharacterReview" />
34-->src\main\AndroidManifest.xml:21:9-53
34-->src\main\AndroidManifest.xml:21:19-50
35        <activity android:name="com.example.finalproj.StatCharCreationActivity" />
35-->src\main\AndroidManifest.xml:22:9-62
35-->src\main\AndroidManifest.xml:22:19-59
36        <activity android:name="com.example.finalproj.WeaponCharCreation" />
36-->src\main\AndroidManifest.xml:23:9-56
36-->src\main\AndroidManifest.xml:23:19-53
37        <activity android:name="com.example.finalproj.BackgroundCharCreation" />
37-->src\main\AndroidManifest.xml:24:9-60
37-->src\main\AndroidManifest.xml:24:19-57
38        <activity android:name="com.example.finalproj.ClassPageCharCreation" />
38-->src\main\AndroidManifest.xml:25:9-59
38-->src\main\AndroidManifest.xml:25:19-56
39        <activity android:name="com.example.finalproj.RecommendedCharacter" />
39-->src\main\AndroidManifest.xml:26:9-58
39-->src\main\AndroidManifest.xml:26:19-55
40        <activity android:name="com.example.finalproj.ViewCharacterActivity" />
40-->src\main\AndroidManifest.xml:27:9-59
40-->src\main\AndroidManifest.xml:27:19-56
41        <activity android:name="com.example.finalproj.RulesActivity" />
41-->src\main\AndroidManifest.xml:28:9-51
41-->src\main\AndroidManifest.xml:28:19-48
42        <activity android:name="com.example.finalproj.NewCharacterActivity" />
42-->src\main\AndroidManifest.xml:29:9-58
42-->src\main\AndroidManifest.xml:29:19-55
43        <activity android:name="com.example.finalproj.CharacterAbridgedActivity" />
43-->src\main\AndroidManifest.xml:30:9-63
43-->src\main\AndroidManifest.xml:30:19-60
44        <activity android:name="com.example.finalproj.RegisterActivity" />
44-->src\main\AndroidManifest.xml:31:9-54
44-->src\main\AndroidManifest.xml:31:19-51
45        <activity android:name="com.example.finalproj.MainMenu" />
45-->src\main\AndroidManifest.xml:32:9-46
45-->src\main\AndroidManifest.xml:32:19-43
46        <activity android:name="com.example.finalproj.UserLogin" >
46-->src\main\AndroidManifest.xml:33:9-39:20
46-->src\main\AndroidManifest.xml:33:19-44
47            <intent-filter>
47-->src\main\AndroidManifest.xml:34:13-38:29
48                <action android:name="android.intent.action.MAIN" />
48-->src\main\AndroidManifest.xml:35:17-69
48-->src\main\AndroidManifest.xml:35:25-66
49
50                <category android:name="android.intent.category.LAUNCHER" />
50-->src\main\AndroidManifest.xml:37:17-77
50-->src\main\AndroidManifest.xml:37:27-74
51            </intent-filter>
52        </activity>
53        <activity
53-->[com.google.firebase:firebase-auth:20.0.2] AndroidManifest.xml:27:9-44:20
54            android:name="com.google.firebase.auth.internal.GenericIdpActivity"
54-->[com.google.firebase:firebase-auth:20.0.2] AndroidManifest.xml:28:13-80
55            android:excludeFromRecents="true"
55-->[com.google.firebase:firebase-auth:20.0.2] AndroidManifest.xml:29:13-46
56            android:exported="true"
56-->[com.google.firebase:firebase-auth:20.0.2] AndroidManifest.xml:30:13-36
57            android:launchMode="singleTask"
57-->[com.google.firebase:firebase-auth:20.0.2] AndroidManifest.xml:31:13-44
58            android:theme="@android:style/Theme.Translucent.NoTitleBar" >
58-->[com.google.firebase:firebase-auth:20.0.2] AndroidManifest.xml:32:13-72
59            <intent-filter>
59-->[com.google.firebase:firebase-auth:20.0.2] AndroidManifest.xml:33:13-43:29
60                <action android:name="android.intent.action.VIEW" />
60-->[com.google.firebase:firebase-auth:20.0.2] AndroidManifest.xml:34:17-69
60-->[com.google.firebase:firebase-auth:20.0.2] AndroidManifest.xml:34:25-66
61
62                <category android:name="android.intent.category.DEFAULT" />
62-->[com.google.firebase:firebase-auth:20.0.2] AndroidManifest.xml:36:17-76
62-->[com.google.firebase:firebase-auth:20.0.2] AndroidManifest.xml:36:27-73
63                <category android:name="android.intent.category.BROWSABLE" />
63-->[com.google.firebase:firebase-auth:20.0.2] AndroidManifest.xml:37:17-78
63-->[com.google.firebase:firebase-auth:20.0.2] AndroidManifest.xml:37:27-75
64
65                <data
65-->[com.google.firebase:firebase-auth:20.0.2] AndroidManifest.xml:39:17-42:51
66                    android:host="firebase.auth"
66-->[com.google.firebase:firebase-auth:20.0.2] AndroidManifest.xml:40:21-49
67                    android:path="/"
67-->[com.google.firebase:firebase-auth:20.0.2] AndroidManifest.xml:41:21-37
68                    android:scheme="genericidp" />
68-->[com.google.firebase:firebase-auth:20.0.2] AndroidManifest.xml:42:21-48
69            </intent-filter>
70        </activity>
71        <activity
71-->[com.google.firebase:firebase-auth:20.0.2] AndroidManifest.xml:45:9-62:20
72            android:name="com.google.firebase.auth.internal.RecaptchaActivity"
72-->[com.google.firebase:firebase-auth:20.0.2] AndroidManifest.xml:46:13-79
73            android:excludeFromRecents="true"
73-->[com.google.firebase:firebase-auth:20.0.2] AndroidManifest.xml:47:13-46
74            android:exported="true"
74-->[com.google.firebase:firebase-auth:20.0.2] AndroidManifest.xml:48:13-36
75            android:launchMode="singleTask"
75-->[com.google.firebase:firebase-auth:20.0.2] AndroidManifest.xml:49:13-44
76            android:theme="@android:style/Theme.Translucent.NoTitleBar" >
76-->[com.google.firebase:firebase-auth:20.0.2] AndroidManifest.xml:50:13-72
77            <intent-filter>
77-->[com.google.firebase:firebase-auth:20.0.2] AndroidManifest.xml:51:13-61:29
78                <action android:name="android.intent.action.VIEW" />
78-->[com.google.firebase:firebase-auth:20.0.2] AndroidManifest.xml:34:17-69
78-->[com.google.firebase:firebase-auth:20.0.2] AndroidManifest.xml:34:25-66
79
80                <category android:name="android.intent.category.DEFAULT" />
80-->[com.google.firebase:firebase-auth:20.0.2] AndroidManifest.xml:36:17-76
80-->[com.google.firebase:firebase-auth:20.0.2] AndroidManifest.xml:36:27-73
81                <category android:name="android.intent.category.BROWSABLE" />
81-->[com.google.firebase:firebase-auth:20.0.2] AndroidManifest.xml:37:17-78
81-->[com.google.firebase:firebase-auth:20.0.2] AndroidManifest.xml:37:27-75
82
83                <data
83-->[com.google.firebase:firebase-auth:20.0.2] AndroidManifest.xml:39:17-42:51
84                    android:host="firebase.auth"
84-->[com.google.firebase:firebase-auth:20.0.2] AndroidManifest.xml:40:21-49
85                    android:path="/"
85-->[com.google.firebase:firebase-auth:20.0.2] AndroidManifest.xml:41:21-37
86                    android:scheme="recaptcha" />
86-->[com.google.firebase:firebase-auth:20.0.2] AndroidManifest.xml:42:21-48
87            </intent-filter>
88        </activity>
89
90        <service
90-->[com.google.firebase:firebase-auth:20.0.2] AndroidManifest.xml:64:9-73:19
91            android:name="com.google.firebase.auth.api.fallback.service.FirebaseAuthFallbackService"
91-->[com.google.firebase:firebase-auth:20.0.2] AndroidManifest.xml:65:13-101
92            android:enabled="true"
92-->[com.google.firebase:firebase-auth:20.0.2] AndroidManifest.xml:66:13-35
93            android:exported="false" >
93-->[com.google.firebase:firebase-auth:20.0.2] AndroidManifest.xml:67:13-37
94            <intent-filter>
94-->[com.google.firebase:firebase-auth:20.0.2] AndroidManifest.xml:68:13-72:29
95                <action android:name="com.google.firebase.auth.api.gms.service.START" />
95-->[com.google.firebase:firebase-auth:20.0.2] AndroidManifest.xml:69:17-89
95-->[com.google.firebase:firebase-auth:20.0.2] AndroidManifest.xml:69:25-86
96
97                <category android:name="android.intent.category.DEFAULT" />
97-->[com.google.firebase:firebase-auth:20.0.2] AndroidManifest.xml:36:17-76
97-->[com.google.firebase:firebase-auth:20.0.2] AndroidManifest.xml:36:27-73
98            </intent-filter>
99        </service>
100        <service
100-->[com.google.firebase:firebase-auth:20.0.2] AndroidManifest.xml:74:9-80:19
101            android:name="com.google.firebase.components.ComponentDiscoveryService"
101-->[com.google.firebase:firebase-auth:20.0.2] AndroidManifest.xml:75:13-84
102            android:directBootAware="true"
102-->[com.google.firebase:firebase-common:19.5.0] AndroidManifest.xml:35:13-43
103            android:exported="false" >
103-->[com.google.firebase:firebase-auth:20.0.2] AndroidManifest.xml:76:13-37
104            <meta-data
104-->[com.google.firebase:firebase-auth:20.0.2] AndroidManifest.xml:77:13-79:85
105                android:name="com.google.firebase.components:com.google.firebase.auth.FirebaseAuthRegistrar"
105-->[com.google.firebase:firebase-auth:20.0.2] AndroidManifest.xml:78:17-109
106                android:value="com.google.firebase.components.ComponentRegistrar" />
106-->[com.google.firebase:firebase-auth:20.0.2] AndroidManifest.xml:79:17-82
107            <meta-data
107-->[com.google.firebase:firebase-firestore:22.1.2] AndroidManifest.xml:20:13-22:85
108                android:name="com.google.firebase.components:com.google.firebase.firestore.FirestoreRegistrar"
108-->[com.google.firebase:firebase-firestore:22.1.2] AndroidManifest.xml:21:17-111
109                android:value="com.google.firebase.components.ComponentRegistrar" />
109-->[com.google.firebase:firebase-firestore:22.1.2] AndroidManifest.xml:22:17-82
110            <meta-data
110-->[com.google.android.gms:play-services-measurement-api:18.0.2] AndroidManifest.xml:30:13-32:85
111                android:name="com.google.firebase.components:com.google.firebase.analytics.connector.internal.AnalyticsConnectorRegistrar"
111-->[com.google.android.gms:play-services-measurement-api:18.0.2] AndroidManifest.xml:31:17-139
112                android:value="com.google.firebase.components.ComponentRegistrar" />
112-->[com.google.android.gms:play-services-measurement-api:18.0.2] AndroidManifest.xml:32:17-82
113            <meta-data
113-->[com.google.firebase:firebase-installations:16.3.5] AndroidManifest.xml:18:13-20:85
114                android:name="com.google.firebase.components:com.google.firebase.installations.FirebaseInstallationsRegistrar"
114-->[com.google.firebase:firebase-installations:16.3.5] AndroidManifest.xml:19:17-127
115                android:value="com.google.firebase.components.ComponentRegistrar" />
115-->[com.google.firebase:firebase-installations:16.3.5] AndroidManifest.xml:20:17-82
116            <!--
117                This registrar is not defined in the dynamic-module-support sdk itself to allow non-firebase
118                clients to use it as well, by defining this registrar in their own core/common library.
119            -->
120            <meta-data
120-->[com.google.firebase:firebase-common:19.5.0] AndroidManifest.xml:43:13-45:85
121                android:name="com.google.firebase.components:com.google.firebase.dynamicloading.DynamicLoadingRegistrar"
121-->[com.google.firebase:firebase-common:19.5.0] AndroidManifest.xml:44:17-121
122                android:value="com.google.firebase.components.ComponentRegistrar" />
122-->[com.google.firebase:firebase-common:19.5.0] AndroidManifest.xml:45:17-82
123        </service>
124
125        <provider
125-->[com.google.firebase:firebase-common:19.5.0] AndroidManifest.xml:26:9-31:39
126            android:name="com.google.firebase.provider.FirebaseInitProvider"
126-->[com.google.firebase:firebase-common:19.5.0] AndroidManifest.xml:27:13-77
127            android:authorities="com.example.finalproj.firebaseinitprovider"
127-->[com.google.firebase:firebase-common:19.5.0] AndroidManifest.xml:28:13-72
128            android:directBootAware="true"
128-->[com.google.firebase:firebase-common:19.5.0] AndroidManifest.xml:29:13-43
129            android:exported="false"
129-->[com.google.firebase:firebase-common:19.5.0] AndroidManifest.xml:30:13-37
130            android:initOrder="100" />
130-->[com.google.firebase:firebase-common:19.5.0] AndroidManifest.xml:31:13-36
131
132        <activity
132-->[com.google.android.gms:play-services-base:17.1.0] AndroidManifest.xml:23:9-26:75
133            android:name="com.google.android.gms.common.api.GoogleApiActivity"
133-->[com.google.android.gms:play-services-base:17.1.0] AndroidManifest.xml:24:13-79
134            android:exported="false"
134-->[com.google.android.gms:play-services-base:17.1.0] AndroidManifest.xml:25:13-37
135            android:theme="@android:style/Theme.Translucent.NoTitleBar" />
135-->[com.google.android.gms:play-services-base:17.1.0] AndroidManifest.xml:26:13-72
136
137        <receiver
137-->[com.google.android.gms:play-services-measurement:18.0.2] AndroidManifest.xml:29:9-33:20
138            android:name="com.google.android.gms.measurement.AppMeasurementReceiver"
138-->[com.google.android.gms:play-services-measurement:18.0.2] AndroidManifest.xml:30:13-85
139            android:enabled="true"
139-->[com.google.android.gms:play-services-measurement:18.0.2] AndroidManifest.xml:31:13-35
140            android:exported="false" >
140-->[com.google.android.gms:play-services-measurement:18.0.2] AndroidManifest.xml:32:13-37
141        </receiver>
142
143        <service
143-->[com.google.android.gms:play-services-measurement:18.0.2] AndroidManifest.xml:35:9-38:40
144            android:name="com.google.android.gms.measurement.AppMeasurementService"
144-->[com.google.android.gms:play-services-measurement:18.0.2] AndroidManifest.xml:36:13-84
145            android:enabled="true"
145-->[com.google.android.gms:play-services-measurement:18.0.2] AndroidManifest.xml:37:13-35
146            android:exported="false" />
146-->[com.google.android.gms:play-services-measurement:18.0.2] AndroidManifest.xml:38:13-37
147        <service
147-->[com.google.android.gms:play-services-measurement:18.0.2] AndroidManifest.xml:39:9-43:72
148            android:name="com.google.android.gms.measurement.AppMeasurementJobService"
148-->[com.google.android.gms:play-services-measurement:18.0.2] AndroidManifest.xml:40:13-87
149            android:enabled="true"
149-->[com.google.android.gms:play-services-measurement:18.0.2] AndroidManifest.xml:41:13-35
150            android:exported="false"
150-->[com.google.android.gms:play-services-measurement:18.0.2] AndroidManifest.xml:42:13-37
151            android:permission="android.permission.BIND_JOB_SERVICE" />
151-->[com.google.android.gms:play-services-measurement:18.0.2] AndroidManifest.xml:43:13-69
152
153        <meta-data
153-->[com.google.android.gms:play-services-basement:17.1.0] AndroidManifest.xml:23:9-25:69
154            android:name="com.google.android.gms.version"
154-->[com.google.android.gms:play-services-basement:17.1.0] AndroidManifest.xml:24:13-58
155            android:value="@integer/google_play_services_version" />
155-->[com.google.android.gms:play-services-basement:17.1.0] AndroidManifest.xml:25:13-66
156    </application>
157
158</manifest>